<?xml version="1.0" encoding="UTF-8"?>
<testsuite name="Ingreso plataforma OpenCart" tests="1" skipped="0" failures="0" errors="0" timestamp="2022-05-04T20:30:09" hostname="CHMEP1JQBYF3" time="9.333">
  <properties/>
  <testcase name="Ingreso plataforma OpenCart" classname="Ingreso plataforma OpenCart" time="9.333"/>
  <system-out><![CDATA[]]></system-out>
  <system-err><![CDATA[[Test worker] WARN net.thucydides.core.steps.BaseStepListener - stepStarted: net.thucydides.core.steps.ExecutedStepDescription@68e5c158
[Test worker] WARN net.thucydides.core.steps.BaseStepListener - stepStarted: net.thucydides.core.steps.ExecutedStepDescription@5cbba147
[Test worker] WARN net.thucydides.core.steps.BaseStepListener - stepStarted: net.thucydides.core.steps.ExecutedStepDescription@2e762868
may 04, 2022 3:30:10 PM org.openqa.selenium.remote.DesiredCapabilities chrome
INFORMACIÓN: Using `new ChromeOptions()` is preferred to `DesiredCapabilities.chrome()`
[Test worker] INFO net.serenitybdd.core.webdriver.driverproviders.ProvideNewDriver - Instantiating driver
[Test worker] INFO net.serenitybdd.core.webdriver.driverproviders.ProvideNewDriver - Driver capabilities: Capabilities {acceptInsecureCerts: false, browserName: chrome, chrome.switches: --incognito,--start-maximized, goog:chromeOptions: {args: [--incognito, --start-maximized], extensions: []}, handlesAlerts: false, loggingPrefs: org.openqa.selenium.logging..., platform: ANY, version: }
Starting ChromeDriver 101.0.4951.41 (93c720db8323b3ec10d056025ab95c23a31997c9-refs/branch-heads/4951@{#904}) on port 4979
Only local connections are allowed.
Please see https://chromedriver.chromium.org/security-considerations for suggestions on keeping ChromeDriver safe.
ChromeDriver was started successfully.
may 04, 2022 3:30:12 PM org.openqa.selenium.remote.ProtocolHandshake createSession
INFORMACIÓN: Detected dialect: W3C
[Test worker] WARN net.thucydides.core.steps.BaseStepListener - stepFinished: current outcome:Ingreso plataforma OpenCart:Given Alex abre la pagina de OpenCart [Alex open up [Alex opens the Open car page]]
[Test worker] WARN net.thucydides.core.steps.BaseStepListener - stepFinished: current outcome:Ingreso plataforma OpenCart:Given Alex abre la pagina de OpenCart [Alex open up [Alex opens the Open car page]]
[Test worker] WARN net.thucydides.core.steps.BaseStepListener - stepFinished: current outcome:Ingreso plataforma OpenCart:Given Alex abre la pagina de OpenCart [Alex open up [Alex opens the Open car page]]
[Test worker] WARN net.thucydides.core.steps.BaseStepListener - stepStarted: net.thucydides.core.steps.ExecutedStepDescription@2fcb0336
[Test worker] WARN net.thucydides.core.steps.BaseStepListener - stepStarted: net.thucydides.core.steps.ExecutedStepDescription@370f656
[Test worker] WARN net.thucydides.core.steps.BaseStepListener - stepStarted: net.thucydides.core.steps.ExecutedStepDescription@67cfa4fe
[Test worker] WARN net.thucydides.core.steps.BaseStepListener - stepFinished: current outcome:Ingreso plataforma OpenCart:Given Alex abre la pagina de OpenCart [Alex open up [Alex opens the Open car page]], When Alex ingresa el usuario y la contrasena da click en iniciar session
| srtUser | srtPassword |
| demo | demo | [Alex login [Alex enters 'demo' into Ingresa el usuario]]
[Test worker] WARN net.thucydides.core.steps.BaseStepListener - stepStarted: net.thucydides.core.steps.ExecutedStepDescription@6806a38
[Test worker] WARN net.thucydides.core.steps.BaseStepListener - stepFinished: current outcome:Ingreso plataforma OpenCart:Given Alex abre la pagina de OpenCart [Alex open up [Alex opens the Open car page]], When Alex ingresa el usuario y la contrasena da click en iniciar session
| srtUser | srtPassword |
| demo | demo | [Alex login [Alex enters 'demo' into Ingresa el usuario, Alex enters 'demo' into Ingresa la contrasema]]
[Test worker] WARN net.thucydides.core.steps.BaseStepListener - stepStarted: net.thucydides.core.steps.ExecutedStepDescription@7846388a
[Test worker] WARN net.thucydides.core.steps.BaseStepListener - stepFinished: current outcome:Ingreso plataforma OpenCart:Given Alex abre la pagina de OpenCart [Alex open up [Alex opens the Open car page]], When Alex ingresa el usuario y la contrasena da click en iniciar session
| srtUser | srtPassword |
| demo | demo | [Alex login [Alex enters 'demo' into Ingresa el usuario, Alex enters 'demo' into Ingresa la contrasema, Alex clicks on Ingresa la contrasema]]
[Test worker] WARN net.thucydides.core.steps.BaseStepListener - stepFinished: current outcome:Ingreso plataforma OpenCart:Given Alex abre la pagina de OpenCart [Alex open up [Alex opens the Open car page]], When Alex ingresa el usuario y la contrasena da click en iniciar session
| srtUser | srtPassword |
| demo | demo | [Alex login [Alex enters 'demo' into Ingresa el usuario, Alex enters 'demo' into Ingresa la contrasema, Alex clicks on Ingresa la contrasema]]
[Test worker] WARN net.thucydides.core.steps.BaseStepListener - stepFinished: current outcome:Ingreso plataforma OpenCart:Given Alex abre la pagina de OpenCart [Alex open up [Alex opens the Open car page]], When Alex ingresa el usuario y la contrasena da click en iniciar session
| srtUser | srtPassword |
| demo | demo | [Alex login [Alex enters 'demo' into Ingresa el usuario, Alex enters 'demo' into Ingresa la contrasema, Alex clicks on Ingresa la contrasema]]
[Test worker] WARN net.thucydides.core.steps.BaseStepListener - stepStarted: net.thucydides.core.steps.ExecutedStepDescription@13b1db02
[Test worker] WARN net.thucydides.core.steps.BaseStepListener - stepStarted: net.thucydides.core.steps.ExecutedStepDescription@fa8ec99
[Test worker] WARN net.thucydides.core.steps.BaseStepListener - stepFinished: current outcome:Ingreso plataforma OpenCart:Given Alex abre la pagina de OpenCart [Alex open up [Alex opens the Open car page]], When Alex ingresa el usuario y la contrasena da click en iniciar session
| srtUser | srtPassword |
| demo | demo | [Alex login [Alex enters 'demo' into Ingresa el usuario, Alex enters 'demo' into Ingresa la contrasema, Alex clicks on Ingresa la contrasema]], Then Alex lee el mensaje en la interfaz de usuario
| srtQuestion |
| Dashboard | [Then answer one]
[Test worker] WARN net.thucydides.core.steps.BaseStepListener - stepFinished: current outcome:Ingreso plataforma OpenCart:Given Alex abre la pagina de OpenCart [Alex open up [Alex opens the Open car page]], When Alex ingresa el usuario y la contrasena da click en iniciar session
| srtUser | srtPassword |
| demo | demo | [Alex login [Alex enters 'demo' into Ingresa el usuario, Alex enters 'demo' into Ingresa la contrasema, Alex clicks on Ingresa la contrasema]], Then Alex lee el mensaje en la interfaz de usuario
| srtQuestion |
| Dashboard | [Then answer one]
[Test worker] WARN net.thucydides.core.steps.BaseStepListener - testFinished: Ingreso plataforma OpenCart:Given Alex abre la pagina de OpenCart [Alex open up [Alex opens the Open car page]], When Alex ingresa el usuario y la contrasena da click en iniciar session
| srtUser | srtPassword |
| demo | demo | [Alex login [Alex enters 'demo' into Ingresa el usuario, Alex enters 'demo' into Ingresa la contrasema, Alex clicks on Ingresa la contrasema]], Then Alex lee el mensaje en la interfaz de usuario
| srtQuestion |
| Dashboard | [Then answer one]
[Test worker] WARN net.thucydides.core.steps.BaseStepListener - TestOutcomes: [Ingreso plataforma OpenCart:Given Alex abre la pagina de OpenCart [Alex open up [Alex opens the Open car page]], When Alex ingresa el usuario y la contrasena da click en iniciar session
| srtUser | srtPassword |
| demo | demo | [Alex login [Alex enters 'demo' into Ingresa el usuario, Alex enters 'demo' into Ingresa la contrasema, Alex clicks on Ingresa la contrasema]], Then Alex lee el mensaje en la interfaz de usuario
| srtQuestion |
| Dashboard | [Then answer one]]
[Test worker] WARN net.thucydides.core.steps.BaseStepListener - Final testOutcomes: [Ingreso plataforma OpenCart:Given Alex abre la pagina de OpenCart [Alex open up [Alex opens the Open car page]], When Alex ingresa el usuario y la contrasena da click en iniciar session
| srtUser | srtPassword |
| demo | demo | [Alex login [Alex enters 'demo' into Ingresa el usuario, Alex enters 'demo' into Ingresa la contrasema, Alex clicks on Ingresa la contrasema]], Then Alex lee el mensaje en la interfaz de usuario
| srtQuestion |
| Dashboard | [Then answer one]]
[Test worker] INFO net.thucydides.core.steps.ConsoleLoggingListener - 
        __    _____ _____ ____ _____   ____   _    ____  ____  _____ ____  
  _     \ \  |_   _| ____/ ___|_   _| |  _ \ / \  / ___|/ ___|| ____|  _ \ 
 (_)_____| |   | | |  _| \___ \ | |   | |_) / _ \ \___ \\___ \|  _| | | | |
  _|_____| |   | | | |___ ___) || |   |  __/ ___ \ ___) |___) | |___| |_| |
 (_)     | |   |_| |_____|____/ |_|   |_| /_/   \_\____/|____/|_____|____/ 
        /_/                                                                

TEST PASSED: Ingreso plataforma OpenCart
----------------------------------------------------------------------------
]]></system-err>
</testsuite>
