<?xml version="1.0" encoding="UTF-8"?>
<testsuite name="Ingreso plataforma OpenCart" tests="1" skipped="0" failures="0" errors="0" timestamp="2022-05-04T19:35:19" hostname="CHMEP1JQBYF3" time="10.436">
  <properties/>
  <testcase name="Visualizar Categorias Sistema" classname="Ingreso plataforma OpenCart" time="10.436"/>
  <system-out><![CDATA[]]></system-out>
  <system-err><![CDATA[[Test worker] WARN net.thucydides.core.steps.BaseStepListener - stepStarted: net.thucydides.core.steps.ExecutedStepDescription@68e5c158
[Test worker] WARN net.thucydides.core.steps.BaseStepListener - stepStarted: net.thucydides.core.steps.ExecutedStepDescription@31fefb8a
[Test worker] WARN net.thucydides.core.steps.BaseStepListener - stepStarted: net.thucydides.core.steps.ExecutedStepDescription@4e153f6e
may 04, 2022 2:35:19 PM org.openqa.selenium.remote.DesiredCapabilities chrome
INFORMACIÓN: Using `new ChromeOptions()` is preferred to `DesiredCapabilities.chrome()`
[Test worker] INFO net.serenitybdd.core.webdriver.driverproviders.ProvideNewDriver - Instantiating driver
[Test worker] INFO net.serenitybdd.core.webdriver.driverproviders.ProvideNewDriver - Driver capabilities: Capabilities {acceptInsecureCerts: false, browserName: chrome, chrome.switches: --incognito,--start-maximized, goog:chromeOptions: {args: [--incognito, --start-maximized], extensions: []}, handlesAlerts: false, loggingPrefs: org.openqa.selenium.logging..., platform: ANY, version: }
Starting ChromeDriver 101.0.4951.41 (93c720db8323b3ec10d056025ab95c23a31997c9-refs/branch-heads/4951@{#904}) on port 15127
Only local connections are allowed.
Please see https://chromedriver.chromium.org/security-considerations for suggestions on keeping ChromeDriver safe.
ChromeDriver was started successfully.
may 04, 2022 2:35:21 PM org.openqa.selenium.remote.ProtocolHandshake createSession
INFORMACIÓN: Detected dialect: W3C
[Test worker] WARN net.thucydides.core.steps.BaseStepListener - stepFinished: current outcome:Visualizar Categorias Sistema:Given Alex abre la pagina de OpenCart e ingresa los datos del login
| srtUser | srtPassword |
| demo | demo | [Alex open up [Alex opens the Open car page]]
[Test worker] WARN net.thucydides.core.steps.BaseStepListener - stepFinished: current outcome:Visualizar Categorias Sistema:Given Alex abre la pagina de OpenCart e ingresa los datos del login
| srtUser | srtPassword |
| demo | demo | [Alex open up [Alex opens the Open car page]]
[Test worker] WARN net.thucydides.core.steps.BaseStepListener - stepStarted: net.thucydides.core.steps.ExecutedStepDescription@1fd1aa3f
[Test worker] WARN net.thucydides.core.steps.BaseStepListener - stepStarted: net.thucydides.core.steps.ExecutedStepDescription@16b95b72
[Test worker] WARN net.thucydides.core.steps.BaseStepListener - stepFinished: current outcome:Visualizar Categorias Sistema:Given Alex abre la pagina de OpenCart e ingresa los datos del login
| srtUser | srtPassword |
| demo | demo | [Alex open up [Alex opens the Open car page], Alex login [Alex enters 'demo' into Ingresa el usuario]]
[Test worker] WARN net.thucydides.core.steps.BaseStepListener - stepStarted: net.thucydides.core.steps.ExecutedStepDescription@5518ee32
[Test worker] WARN net.thucydides.core.steps.BaseStepListener - stepFinished: current outcome:Visualizar Categorias Sistema:Given Alex abre la pagina de OpenCart e ingresa los datos del login
| srtUser | srtPassword |
| demo | demo | [Alex open up [Alex opens the Open car page], Alex login [Alex enters 'demo' into Ingresa el usuario, Alex enters 'demo' into Ingresa la contrasema]]
[Test worker] WARN net.thucydides.core.steps.BaseStepListener - stepStarted: net.thucydides.core.steps.ExecutedStepDescription@9bec5f5
[Test worker] WARN net.thucydides.core.steps.BaseStepListener - stepFinished: current outcome:Visualizar Categorias Sistema:Given Alex abre la pagina de OpenCart e ingresa los datos del login
| srtUser | srtPassword |
| demo | demo | [Alex open up [Alex opens the Open car page], Alex login [Alex enters 'demo' into Ingresa el usuario, Alex enters 'demo' into Ingresa la contrasema, Alex clicks on Ingresa la contrasema]]
[Test worker] WARN net.thucydides.core.steps.BaseStepListener - stepFinished: current outcome:Visualizar Categorias Sistema:Given Alex abre la pagina de OpenCart e ingresa los datos del login
| srtUser | srtPassword |
| demo | demo | [Alex open up [Alex opens the Open car page], Alex login [Alex enters 'demo' into Ingresa el usuario, Alex enters 'demo' into Ingresa la contrasema, Alex clicks on Ingresa la contrasema]]
[Test worker] WARN net.thucydides.core.steps.BaseStepListener - stepFinished: current outcome:Visualizar Categorias Sistema:Given Alex abre la pagina de OpenCart e ingresa los datos del login
| srtUser | srtPassword |
| demo | demo | [Alex open up [Alex opens the Open car page], Alex login [Alex enters 'demo' into Ingresa el usuario, Alex enters 'demo' into Ingresa la contrasema, Alex clicks on Ingresa la contrasema]]
[Test worker] WARN net.thucydides.core.steps.BaseStepListener - stepStarted: net.thucydides.core.steps.ExecutedStepDescription@1bb7c044
[Test worker] WARN net.thucydides.core.steps.BaseStepListener - stepStarted: net.thucydides.core.steps.ExecutedStepDescription@bbdcfda
[Test worker] WARN net.thucydides.core.steps.BaseStepListener - stepStarted: net.thucydides.core.steps.ExecutedStepDescription@6de4d5a0
[Test worker] WARN net.thucydides.core.steps.BaseStepListener - stepFinished: current outcome:Visualizar Categorias Sistema:Given Alex abre la pagina de OpenCart e ingresa los datos del login
| srtUser | srtPassword |
| demo | demo | [Alex open up [Alex opens the Open car page], Alex login [Alex enters 'demo' into Ingresa el usuario, Alex enters 'demo' into Ingresa la contrasema, Alex clicks on Ingresa la contrasema]], When Alex da click en Catalog y click en categories [Alex catalog [Alex clicks on Click en catalog]]
[Test worker] WARN net.thucydides.core.steps.BaseStepListener - stepStarted: net.thucydides.core.steps.ExecutedStepDescription@107589b6
[Test worker] WARN net.thucydides.core.steps.BaseStepListener - stepFinished: current outcome:Visualizar Categorias Sistema:Given Alex abre la pagina de OpenCart e ingresa los datos del login
| srtUser | srtPassword |
| demo | demo | [Alex open up [Alex opens the Open car page], Alex login [Alex enters 'demo' into Ingresa el usuario, Alex enters 'demo' into Ingresa la contrasema, Alex clicks on Ingresa la contrasema]], When Alex da click en Catalog y click en categories [Alex catalog [Alex clicks on Click en catalog, Alex clicks on Click en categories]]
[Test worker] WARN net.thucydides.core.steps.BaseStepListener - stepFinished: current outcome:Visualizar Categorias Sistema:Given Alex abre la pagina de OpenCart e ingresa los datos del login
| srtUser | srtPassword |
| demo | demo | [Alex open up [Alex opens the Open car page], Alex login [Alex enters 'demo' into Ingresa el usuario, Alex enters 'demo' into Ingresa la contrasema, Alex clicks on Ingresa la contrasema]], When Alex da click en Catalog y click en categories [Alex catalog [Alex clicks on Click en catalog, Alex clicks on Click en categories]]
[Test worker] WARN net.thucydides.core.steps.BaseStepListener - stepFinished: current outcome:Visualizar Categorias Sistema:Given Alex abre la pagina de OpenCart e ingresa los datos del login
| srtUser | srtPassword |
| demo | demo | [Alex open up [Alex opens the Open car page], Alex login [Alex enters 'demo' into Ingresa el usuario, Alex enters 'demo' into Ingresa la contrasema, Alex clicks on Ingresa la contrasema]], When Alex da click en Catalog y click en categories [Alex catalog [Alex clicks on Click en catalog, Alex clicks on Click en categories]]
[Test worker] WARN net.thucydides.core.steps.BaseStepListener - stepStarted: net.thucydides.core.steps.ExecutedStepDescription@1851587d
[Test worker] WARN net.thucydides.core.steps.BaseStepListener - stepStarted: net.thucydides.core.steps.ExecutedStepDescription@7edeeaeb
[Test worker] WARN net.thucydides.core.steps.BaseStepListener - stepFinished: current outcome:Visualizar Categorias Sistema:Given Alex abre la pagina de OpenCart e ingresa los datos del login
| srtUser | srtPassword |
| demo | demo | [Alex open up [Alex opens the Open car page], Alex login [Alex enters 'demo' into Ingresa el usuario, Alex enters 'demo' into Ingresa la contrasema, Alex clicks on Ingresa la contrasema]], When Alex da click en Catalog y click en categories [Alex catalog [Alex clicks on Click en catalog, Alex clicks on Click en categories]], Then Alex lee el mensaje en la interfaz de usuario de categories
| srtQuestion |
| Categories | [Then answer one]
[Test worker] WARN net.thucydides.core.steps.BaseStepListener - stepFinished: current outcome:Visualizar Categorias Sistema:Given Alex abre la pagina de OpenCart e ingresa los datos del login
| srtUser | srtPassword |
| demo | demo | [Alex open up [Alex opens the Open car page], Alex login [Alex enters 'demo' into Ingresa el usuario, Alex enters 'demo' into Ingresa la contrasema, Alex clicks on Ingresa la contrasema]], When Alex da click en Catalog y click en categories [Alex catalog [Alex clicks on Click en catalog, Alex clicks on Click en categories]], Then Alex lee el mensaje en la interfaz de usuario de categories
| srtQuestion |
| Categories | [Then answer one]
[Test worker] WARN net.thucydides.core.steps.BaseStepListener - testFinished: Visualizar Categorias Sistema:Given Alex abre la pagina de OpenCart e ingresa los datos del login
| srtUser | srtPassword |
| demo | demo | [Alex open up [Alex opens the Open car page], Alex login [Alex enters 'demo' into Ingresa el usuario, Alex enters 'demo' into Ingresa la contrasema, Alex clicks on Ingresa la contrasema]], When Alex da click en Catalog y click en categories [Alex catalog [Alex clicks on Click en catalog, Alex clicks on Click en categories]], Then Alex lee el mensaje en la interfaz de usuario de categories
| srtQuestion |
| Categories | [Then answer one]
[Test worker] WARN net.thucydides.core.steps.BaseStepListener - TestOutcomes: [Visualizar Categorias Sistema:Given Alex abre la pagina de OpenCart e ingresa los datos del login
| srtUser | srtPassword |
| demo | demo | [Alex open up [Alex opens the Open car page], Alex login [Alex enters 'demo' into Ingresa el usuario, Alex enters 'demo' into Ingresa la contrasema, Alex clicks on Ingresa la contrasema]], When Alex da click en Catalog y click en categories [Alex catalog [Alex clicks on Click en catalog, Alex clicks on Click en categories]], Then Alex lee el mensaje en la interfaz de usuario de categories
| srtQuestion |
| Categories | [Then answer one]]
[Test worker] WARN net.thucydides.core.steps.BaseStepListener - Final testOutcomes: [Visualizar Categorias Sistema:Given Alex abre la pagina de OpenCart e ingresa los datos del login
| srtUser | srtPassword |
| demo | demo | [Alex open up [Alex opens the Open car page], Alex login [Alex enters 'demo' into Ingresa el usuario, Alex enters 'demo' into Ingresa la contrasema, Alex clicks on Ingresa la contrasema]], When Alex da click en Catalog y click en categories [Alex catalog [Alex clicks on Click en catalog, Alex clicks on Click en categories]], Then Alex lee el mensaje en la interfaz de usuario de categories
| srtQuestion |
| Categories | [Then answer one]]
[Test worker] INFO net.thucydides.core.steps.ConsoleLoggingListener - 
        __    _____ _____ ____ _____   ____   _    ____  ____  _____ ____  
  _     \ \  |_   _| ____/ ___|_   _| |  _ \ / \  / ___|/ ___|| ____|  _ \ 
 (_)_____| |   | | |  _| \___ \ | |   | |_) / _ \ \___ \\___ \|  _| | | | |
  _|_____| |   | | | |___ ___) || |   |  __/ ___ \ ___) |___) | |___| |_| |
 (_)     | |   |_| |_____|____/ |_|   |_| /_/   \_\____/|____/|_____|____/ 
        /_/                                                                

TEST PASSED: Visualizar Categorias Sistema
----------------------------------------------------------------------------
]]></system-err>
</testsuite>
